<?xml version="1.0" encoding="UTF-8"?>
<!-- Generated by org.testng.reporters.JUnitXMLReporter -->
<testsuite ignored="0" hostname="DESKTOP-EK2HHJG" failures="0" tests="1" name="Test" time="0.073" errors="0" timestamp="22 May 2022 01:57:29 GMT">
  <testcase classname="com.sauce.demo.browserproject.ValidateLogin" name="@BeforeTest initialize" time="0.017">
    <failure type="java.io.FileNotFoundException" message="C:\Users\User\Desktop\SG\browserproject\src\main\java\com\sauce\demo\browserproject\data.properties (The system cannot find the file specified)">
      <![CDATA[java.io.FileNotFoundException: C:\Users\User\Desktop\SG\browserproject\src\main\java\com\sauce\demo\browserproject\data.properties (The system cannot find the file specified)
at java.base/java.io.FileInputStream.open0(Native Method)
at java.base/java.io.FileInputStream.open(FileInputStream.java:216)
at java.base/java.io.FileInputStream.<init>(FileInputStream.java:157)
at java.base/java.io.FileInputStream.<init>(FileInputStream.java:111)
at resources.BaseClass.initializeDriver(BaseClass.java:25)
at com.sauce.demo.browserproject.ValidateLogin.initialize(ValidateLogin.java:26)
... Removed 24 stack frames]]>
    </failure>
  </testcase> <!-- @BeforeTest initialize -->
  <testcase classname="com.sauce.demo.browserproject.ValidateLogin" name="@AfterTest teardown" time="0.0">
    <skipped/>
  </testcase> <!-- @AfterTest teardown -->
  <testcase classname="com.sauce.demo.browserproject.ValidateLogin" name="validateUserLogin" time="0.0">
    <skipped/>
  </testcase> <!-- validateUserLogin -->
</testsuite> <!-- Test -->
